<?xml version="1.0" encoding="UTF-8"?>
<testsuite xmlns:xsi="http://www.w3.org/2001/XMLSchema-instance" xsi:noNamespaceSchemaLocation="https://maven.apache.org/surefire/maven-surefire-plugin/xsd/surefire-test-report.xsd" name="com.pinc.practice.PracticeApplicationTests" time="1.143" tests="1" errors="0" skipped="0" failures="0">
  <properties>
    <property name="sun.desktop" value="windows"/>
    <property name="awt.toolkit" value="sun.awt.windows.WToolkit"/>
    <property name="git.tags" value=""/>
    <property name="java.specification.version" value="1.8"/>
    <property name="file.encoding.pkg" value="sun.io"/>
    <property name="sun.cpu.isalist" value="amd64"/>
    <property name="git.build.version" value="0.0.1-SNAPSHOT"/>
    <property name="sun.jnu.encoding" value="GBK"/>
    <property name="java.class.path" value="D:\lee\Practice\target\test-classes;D:\lee\Practice\target\classes;D:\maven\repository\org\springframework\boot\spring-boot-starter\2.5.4\spring-boot-starter-2.5.4.jar;D:\maven\repository\org\springframework\boot\spring-boot\2.5.4\spring-boot-2.5.4.jar;D:\maven\repository\org\springframework\spring-context\5.3.9\spring-context-5.3.9.jar;D:\maven\repository\org\springframework\spring-aop\5.3.9\spring-aop-5.3.9.jar;D:\maven\repository\org\springframework\spring-beans\5.3.9\spring-beans-5.3.9.jar;D:\maven\repository\org\springframework\spring-expression\5.3.9\spring-expression-5.3.9.jar;D:\maven\repository\org\springframework\boot\spring-boot-autoconfigure\2.5.4\spring-boot-autoconfigure-2.5.4.jar;D:\maven\repository\org\springframework\boot\spring-boot-starter-logging\2.5.4\spring-boot-starter-logging-2.5.4.jar;D:\maven\repository\ch\qos\logback\logback-classic\1.2.5\logback-classic-1.2.5.jar;D:\maven\repository\ch\qos\logback\logback-core\1.2.5\logback-core-1.2.5.jar;D:\maven\repository\org\apache\logging\log4j\log4j-to-slf4j\2.14.1\log4j-to-slf4j-2.14.1.jar;D:\maven\repository\org\apache\logging\log4j\log4j-api\2.14.1\log4j-api-2.14.1.jar;D:\maven\repository\org\slf4j\jul-to-slf4j\1.7.32\jul-to-slf4j-1.7.32.jar;D:\maven\repository\jakarta\annotation\jakarta.annotation-api\1.3.5\jakarta.annotation-api-1.3.5.jar;D:\maven\repository\org\springframework\spring-core\5.3.9\spring-core-5.3.9.jar;D:\maven\repository\org\springframework\spring-jcl\5.3.9\spring-jcl-5.3.9.jar;D:\maven\repository\org\yaml\snakeyaml\1.28\snakeyaml-1.28.jar;D:\maven\repository\org\springframework\boot\spring-boot-starter-test\2.5.4\spring-boot-starter-test-2.5.4.jar;D:\maven\repository\org\springframework\boot\spring-boot-test\2.5.4\spring-boot-test-2.5.4.jar;D:\maven\repository\org\springframework\boot\spring-boot-test-autoconfigure\2.5.4\spring-boot-test-autoconfigure-2.5.4.jar;D:\maven\repository\com\jayway\jsonpath\json-path\2.5.0\json-path-2.5.0.jar;D:\maven\repository\net\minidev\json-smart\2.4.7\json-smart-2.4.7.jar;D:\maven\repository\net\minidev\accessors-smart\2.4.7\accessors-smart-2.4.7.jar;D:\maven\repository\org\ow2\asm\asm\9.1\asm-9.1.jar;D:\maven\repository\org\slf4j\slf4j-api\1.7.32\slf4j-api-1.7.32.jar;D:\maven\repository\jakarta\xml\bind\jakarta.xml.bind-api\2.3.3\jakarta.xml.bind-api-2.3.3.jar;D:\maven\repository\jakarta\activation\jakarta.activation-api\1.2.2\jakarta.activation-api-1.2.2.jar;D:\maven\repository\org\assertj\assertj-core\3.19.0\assertj-core-3.19.0.jar;D:\maven\repository\org\hamcrest\hamcrest\2.2\hamcrest-2.2.jar;D:\maven\repository\org\junit\jupiter\junit-jupiter\5.7.2\junit-jupiter-5.7.2.jar;D:\maven\repository\org\junit\jupiter\junit-jupiter-api\5.7.2\junit-jupiter-api-5.7.2.jar;D:\maven\repository\org\apiguardian\apiguardian-api\1.1.0\apiguardian-api-1.1.0.jar;D:\maven\repository\org\opentest4j\opentest4j\1.2.0\opentest4j-1.2.0.jar;D:\maven\repository\org\junit\platform\junit-platform-commons\1.7.2\junit-platform-commons-1.7.2.jar;D:\maven\repository\org\junit\jupiter\junit-jupiter-params\5.7.2\junit-jupiter-params-5.7.2.jar;D:\maven\repository\org\junit\jupiter\junit-jupiter-engine\5.7.2\junit-jupiter-engine-5.7.2.jar;D:\maven\repository\org\junit\platform\junit-platform-engine\1.7.2\junit-platform-engine-1.7.2.jar;D:\maven\repository\org\mockito\mockito-core\3.9.0\mockito-core-3.9.0.jar;D:\maven\repository\net\bytebuddy\byte-buddy\1.10.22\byte-buddy-1.10.22.jar;D:\maven\repository\net\bytebuddy\byte-buddy-agent\1.10.22\byte-buddy-agent-1.10.22.jar;D:\maven\repository\org\objenesis\objenesis\3.2\objenesis-3.2.jar;D:\maven\repository\org\mockito\mockito-junit-jupiter\3.9.0\mockito-junit-jupiter-3.9.0.jar;D:\maven\repository\org\skyscreamer\jsonassert\1.5.0\jsonassert-1.5.0.jar;D:\maven\repository\com\vaadin\external\google\android-json\0.0.20131108.vaadin1\android-json-0.0.20131108.vaadin1.jar;D:\maven\repository\org\springframework\spring-test\5.3.9\spring-test-5.3.9.jar;D:\maven\repository\org\xmlunit\xmlunit-core\2.8.2\xmlunit-core-2.8.2.jar;"/>
    <property name="git.branch" value="master"/>
    <property name="git.build.host" value="LAPTOP-G1CSFLDO"/>
    <property name="java.vm.vendor" value="Oracle Corporation"/>
    <property name="sun.arch.data.model" value="64"/>
    <property name="user.variant" value=""/>
    <property name="java.vendor.url" value="http://java.oracle.com/"/>
    <property name="user.timezone" value="Asia/Shanghai"/>
    <property name="os.name" value="Windows 10"/>
    <property name="java.vm.specification.version" value="1.8"/>
    <property name="sun.java.launcher" value="SUN_STANDARD"/>
    <property name="git.build.user.name" value="liqian"/>
    <property name="user.country" value="CN"/>
    <property name="sun.boot.library.path" value="D:\jdk1.8\jre\bin"/>
    <property name="sun.java.command" value="C:\Users\jxrt\AppData\Local\Temp\surefire6904726368652597464\surefirebooter619614641951020765.jar C:\Users\jxrt\AppData\Local\Temp\surefire6904726368652597464 2021-09-22T18-57-32_880-jvmRun1 surefire3481707709220652856tmp surefire_05881670687708145594tmp"/>
    <property name="surefire.test.class.path" value="D:\lee\Practice\target\test-classes;D:\lee\Practice\target\classes;D:\maven\repository\org\springframework\boot\spring-boot-starter\2.5.4\spring-boot-starter-2.5.4.jar;D:\maven\repository\org\springframework\boot\spring-boot\2.5.4\spring-boot-2.5.4.jar;D:\maven\repository\org\springframework\spring-context\5.3.9\spring-context-5.3.9.jar;D:\maven\repository\org\springframework\spring-aop\5.3.9\spring-aop-5.3.9.jar;D:\maven\repository\org\springframework\spring-beans\5.3.9\spring-beans-5.3.9.jar;D:\maven\repository\org\springframework\spring-expression\5.3.9\spring-expression-5.3.9.jar;D:\maven\repository\org\springframework\boot\spring-boot-autoconfigure\2.5.4\spring-boot-autoconfigure-2.5.4.jar;D:\maven\repository\org\springframework\boot\spring-boot-starter-logging\2.5.4\spring-boot-starter-logging-2.5.4.jar;D:\maven\repository\ch\qos\logback\logback-classic\1.2.5\logback-classic-1.2.5.jar;D:\maven\repository\ch\qos\logback\logback-core\1.2.5\logback-core-1.2.5.jar;D:\maven\repository\org\apache\logging\log4j\log4j-to-slf4j\2.14.1\log4j-to-slf4j-2.14.1.jar;D:\maven\repository\org\apache\logging\log4j\log4j-api\2.14.1\log4j-api-2.14.1.jar;D:\maven\repository\org\slf4j\jul-to-slf4j\1.7.32\jul-to-slf4j-1.7.32.jar;D:\maven\repository\jakarta\annotation\jakarta.annotation-api\1.3.5\jakarta.annotation-api-1.3.5.jar;D:\maven\repository\org\springframework\spring-core\5.3.9\spring-core-5.3.9.jar;D:\maven\repository\org\springframework\spring-jcl\5.3.9\spring-jcl-5.3.9.jar;D:\maven\repository\org\yaml\snakeyaml\1.28\snakeyaml-1.28.jar;D:\maven\repository\org\springframework\boot\spring-boot-starter-test\2.5.4\spring-boot-starter-test-2.5.4.jar;D:\maven\repository\org\springframework\boot\spring-boot-test\2.5.4\spring-boot-test-2.5.4.jar;D:\maven\repository\org\springframework\boot\spring-boot-test-autoconfigure\2.5.4\spring-boot-test-autoconfigure-2.5.4.jar;D:\maven\repository\com\jayway\jsonpath\json-path\2.5.0\json-path-2.5.0.jar;D:\maven\repository\net\minidev\json-smart\2.4.7\json-smart-2.4.7.jar;D:\maven\repository\net\minidev\accessors-smart\2.4.7\accessors-smart-2.4.7.jar;D:\maven\repository\org\ow2\asm\asm\9.1\asm-9.1.jar;D:\maven\repository\org\slf4j\slf4j-api\1.7.32\slf4j-api-1.7.32.jar;D:\maven\repository\jakarta\xml\bind\jakarta.xml.bind-api\2.3.3\jakarta.xml.bind-api-2.3.3.jar;D:\maven\repository\jakarta\activation\jakarta.activation-api\1.2.2\jakarta.activation-api-1.2.2.jar;D:\maven\repository\org\assertj\assertj-core\3.19.0\assertj-core-3.19.0.jar;D:\maven\repository\org\hamcrest\hamcrest\2.2\hamcrest-2.2.jar;D:\maven\repository\org\junit\jupiter\junit-jupiter\5.7.2\junit-jupiter-5.7.2.jar;D:\maven\repository\org\junit\jupiter\junit-jupiter-api\5.7.2\junit-jupiter-api-5.7.2.jar;D:\maven\repository\org\apiguardian\apiguardian-api\1.1.0\apiguardian-api-1.1.0.jar;D:\maven\repository\org\opentest4j\opentest4j\1.2.0\opentest4j-1.2.0.jar;D:\maven\repository\org\junit\platform\junit-platform-commons\1.7.2\junit-platform-commons-1.7.2.jar;D:\maven\repository\org\junit\jupiter\junit-jupiter-params\5.7.2\junit-jupiter-params-5.7.2.jar;D:\maven\repository\org\junit\jupiter\junit-jupiter-engine\5.7.2\junit-jupiter-engine-5.7.2.jar;D:\maven\repository\org\junit\platform\junit-platform-engine\1.7.2\junit-platform-engine-1.7.2.jar;D:\maven\repository\org\mockito\mockito-core\3.9.0\mockito-core-3.9.0.jar;D:\maven\repository\net\bytebuddy\byte-buddy\1.10.22\byte-buddy-1.10.22.jar;D:\maven\repository\net\bytebuddy\byte-buddy-agent\1.10.22\byte-buddy-agent-1.10.22.jar;D:\maven\repository\org\objenesis\objenesis\3.2\objenesis-3.2.jar;D:\maven\repository\org\mockito\mockito-junit-jupiter\3.9.0\mockito-junit-jupiter-3.9.0.jar;D:\maven\repository\org\skyscreamer\jsonassert\1.5.0\jsonassert-1.5.0.jar;D:\maven\repository\com\vaadin\external\google\android-json\0.0.20131108.vaadin1\android-json-0.0.20131108.vaadin1.jar;D:\maven\repository\org\springframework\spring-test\5.3.9\spring-test-5.3.9.jar;D:\maven\repository\org\xmlunit\xmlunit-core\2.8.2\xmlunit-core-2.8.2.jar;"/>
    <property name="sun.cpu.endian" value="little"/>
    <property name="user.home" value="C:\Users\jxrt"/>
    <property name="user.language" value="zh"/>
    <property name="git.closest.tag.commit.count" value=""/>
    <property name="java.specification.vendor" value="Oracle Corporation"/>
    <property name="java.home" value="D:\jdk1.8\jre"/>
    <property name="git.total.commit.count" value="9"/>
    <property name="file.separator" value="\"/>
    <property name="basedir" value="D:\lee\Practice"/>
    <property name="line.separator" value="&#10;"/>
    <property name="git.build.user.email" value="liqian@ccbscf.com"/>
    <property name="java.vm.specification.vendor" value="Oracle Corporation"/>
    <property name="java.specification.name" value="Java Platform API Specification"/>
    <property name="java.awt.graphicsenv" value="sun.awt.Win32GraphicsEnvironment"/>
    <property name="git.commit.id.full" value="04d6a7ac49dcc1b802ef2c3598cae4f96b8bbe53"/>
    <property name="git.closest.tag.name" value=""/>
    <property name="git.local.branch.ahead" value="0"/>
    <property name="git.build.time" value="20210922185731"/>
    <property name="surefire.real.class.path" value="C:\Users\jxrt\AppData\Local\Temp\surefire6904726368652597464\surefirebooter619614641951020765.jar"/>
    <property name="git.commit.message.full" value="feat:二叉树层序遍历"/>
    <property name="sun.boot.class.path" value="D:\jdk1.8\jre\lib\resources.jar;D:\jdk1.8\jre\lib\rt.jar;D:\jdk1.8\jre\lib\sunrsasign.jar;D:\jdk1.8\jre\lib\jsse.jar;D:\jdk1.8\jre\lib\jce.jar;D:\jdk1.8\jre\lib\charsets.jar;D:\jdk1.8\jre\lib\jfr.jar;D:\jdk1.8\jre\classes"/>
    <property name="user.script" value=""/>
    <property name="sun.management.compiler" value="HotSpot 64-Bit Tiered Compilers"/>
    <property name="java.runtime.version" value="1.8.0_91-b15"/>
    <property name="user.name" value="jxrt"/>
    <property name="path.separator" value=";"/>
    <property name="os.version" value="10.0"/>
    <property name="java.endorsed.dirs" value="D:\jdk1.8\jre\lib\endorsed"/>
    <property name="java.runtime.name" value="Java(TM) SE Runtime Environment"/>
    <property name="file.encoding" value="GBK"/>
    <property name="git.commit.user.email" value="liqian@ccbscf.com"/>
    <property name="java.vm.name" value="Java HotSpot(TM) 64-Bit Server VM"/>
    <property name="git.local.branch.behind" value="0"/>
    <property name="git.dirty" value="true"/>
    <property name="localRepository" value="D:\maven\repository"/>
    <property name="java.vendor.url.bug" value="http://bugreport.sun.com/bugreport/"/>
    <property name="java.io.tmpdir" value="C:\Users\jxrt\AppData\Local\Temp\"/>
    <property name="java.version" value="1.8.0_91"/>
    <property name="user.dir" value="D:\lee\Practice"/>
    <property name="os.arch" value="amd64"/>
    <property name="git.commit.user.name" value="liqian"/>
    <property name="git.commit.id.abbrev" value="04d6a7a"/>
    <property name="java.vm.specification.name" value="Java Virtual Machine Specification"/>
    <property name="java.awt.printerjob" value="sun.awt.windows.WPrinterJob"/>
    <property name="git.commit.id.describe-short" value="04d6a7a-dirty"/>
    <property name="sun.os.patch.level" value=""/>
    <property name="git.commit.id.describe" value="04d6a7a-dirty"/>
    <property name="maven.skip.test" value="true"/>
    <property name="git.commit.message.short" value="feat:二叉树层序遍历"/>
    <property name="java.library.path" value="D:\jdk1.8\jre\bin;C:\Windows\Sun\Java\bin;C:\Windows\system32;C:\Windows;D:\git\Git\mingw64\bin;D:\git\Git\usr\bin;C:\Users\jxrt\bin;D:\xshell\Xlpd 6;D:\xshell\Xshell 6;D:\xshell\Xmanager 6;D:\oracle客户端\oracle\product\11.2.0\dbhome_1\bin;C:\Windows\system32;C:\Windows;C:\Windows\System32\Wbem;C:\Windows\System32\WindowsPowerShell\v1.0;C:\Windows\System32\OpenSSH;D:\git\Git\cmd;D:\oracle客户端\oracle\instantclient_11_2;D:\maven\apache-maven-3.6.3-bin\apache-maven-3.6.3\bin;C:\ProgramData\chocolatey\bin;C:\Program Files\nodejs;D:\py\Scripts;D:\py;C:\Users\jxrt\AppData\Local\Microsoft\WindowsApps;D:\jdk1.8\bin;D:\git\Git\usr\bin;C:\Program Files\Bandizip;D:\jmeter\apache-jmeter-5.3\bin;D:\mysql\mysql-8.0.22-winx64\bin;C:\Users\jxrt\AppData\Local\Programs\Fiddler;D:\maven\apache-maven-3.6.3-bin\apache-maven-3.6.3\bin;D:\vscode\Microsoft VS Code\bin;D:\golang\go\bin;C:\Users\jxrt\AppData\Roaming\npm;."/>
    <property name="java.vendor" value="Oracle Corporation"/>
    <property name="java.vm.info" value="mixed mode"/>
    <property name="java.vm.version" value="25.91-b15"/>
    <property name="sun.io.unicode.encoding" value="UnicodeLittle"/>
    <property name="java.ext.dirs" value="D:\jdk1.8\jre\lib\ext;C:\Windows\Sun\Java\lib\ext"/>
    <property name="java.class.version" value="52.0"/>
    <property name="git.commit.time" value="20210918134048"/>
    <property name="git.remote.origin.url" value="http://82.156.107.225:8801/root/Practice.git"/>
  </properties>
  <testcase name="contextLoads" classname="com.pinc.practice.PracticeApplicationTests" time="0.155"/>
</testsuite>